2021-01-12 11:56:29 INFO: nxt.enableStackTraces = "true"
2021-01-12 11:56:29 INFO: nxt.enableLogTraceback = "false"
2021-01-12 11:56:29 INFO: logging enabled
2021-01-12 11:56:29 INFO: socksProxyHost not defined
2021-01-12 11:56:29 INFO: socksProxyPort not defined
2021-01-12 11:56:29 FINE: java.version = 1.8.0_271
2021-01-12 11:56:29 FINE: java.vm.version = 25.271-b09
2021-01-12 11:56:29 FINE: java.vm.name = Java HotSpot(TM) 64-Bit Server VM
2021-01-12 11:56:29 FINE: java.vendor = Oracle Corporation
2021-01-12 11:56:29 FINE: java.vm.vendor = Oracle Corporation
2021-01-12 11:56:29 FINE: java.home = /Library/Java/JavaVirtualMachines/jdk1.8.0_271.jdk/Contents/Home/jre
2021-01-12 11:56:29 FINE: java.library.path = /Users/adistroianu/Library/Java/Extensions:/Library/Java/Extensions:/Network/Library/Java/Extensions:/System/Library/Java/Extensions:/usr/lib/java:.
2021-01-12 11:56:29 FINE: java.class.path = classes:lib/jetty-servlets-9.3.24.v20180605.jar:lib/h2-1.4.196.jar:lib/websocket-common-9.3.24.v20180605.jar:lib/lucene-core-5.5.5.jar:lib/slf4j-api-1.7.22.jar:lib/jetty-server-9.3.24.v20180605.jar:lib/jetty-util-9.3.24.v20180605.jar:lib/tika-core-1.13.jar:lib/jetty-io-9.3.24.v20180605.jar:lib/slf4j-jdk14-1.7.22.jar:lib/websocket-client-9.3.24.v20180605.jar:lib/javax.servlet-api-3.1.0.jar:lib/websocket-api-9.3.24.v20180605.jar:lib/websocket-servlet-9.3.24.v20180605.jar:lib/jetty-continuation-9.3.24.v20180605.jar:lib/lucene-backward-codecs-5.5.5.jar:lib/jetty-security-9.3.24.v20180605.jar:lib/javase-3.3.0.jar:lib/json-simple-1.1.1.jar:lib/websocket-server-9.3.24.v20180605.jar:lib/lucene-queryparser-5.5.5.jar:lib/jetty-proxy-9.3.24.v20180605.jar:lib/jetty-http-9.3.24.v20180605.jar:lib/jetty-client-9.3.24.v20180605.jar:lib/lucene-analyzers-common-5.5.5.jar:lib/bcprov-jdk15on-160.jar:lib/tika-parsers-1.13.jar:lib/lucene-queries-5.5.5.jar:lib/jetty-servlet-9.3.24.v20180605.jar:lib/core-3.3.0.jar:lib/weupnp-0.1.4.jar:conf:addons/classes:addons/lib/*
2021-01-12 11:56:29 FINE: os.arch = x86_64
2021-01-12 11:56:29 FINE: sun.arch.data.model = 64
2021-01-12 11:56:29 FINE: os.name = Mac OS X
2021-01-12 11:56:29 FINE: file.encoding = UTF-8
2021-01-12 11:56:29 FINE: java.security.policy = null
2021-01-12 11:56:29 FINE: java.security.manager = null
2021-01-12 11:56:29 FINE: nxt.runtime.mode = desktop
2021-01-12 11:56:29 FINE: nxt.runtime.dirProvider = nxt.env.DefaultDirProvider
2021-01-12 11:56:29 FINE: availableProcessors = 8
2021-01-12 11:56:29 FINE: maxMemory = 1908932608
2021-01-12 11:56:29 FINE: processId = 97629
2021-01-12 11:56:29 INFO: nxt.isTestnet = "false"
2021-01-12 11:56:29 INFO: nxt.isOffline = "false"
2021-01-12 11:56:29 INFO: nxt.isLightClient = "false"
2021-01-12 11:56:29 INFO: nxt.customLoginWarning not defined
2021-01-12 11:56:29 INFO: nxt.maxNumberOfTransactions not defined or not numeric, using default value 255
2021-01-12 11:56:29 INFO: nxt.maxRollback = "800"
2021-01-12 11:56:29 INFO: nxt.forgingDelay = "20"
2021-01-12 11:56:29 INFO: nxt.forgingSpeedup = "3"
2021-01-12 11:56:29 INFO: nxt.batchCommitSize = "100"
2021-01-12 11:56:29 INFO: nxt.maxPrunableLifetime = "7776000"
2021-01-12 11:56:29 INFO: nxt.includeExpiredPrunable = "true"
2021-01-12 11:56:29 INFO: nxt.correctInvalidFees = "false"
2021-01-12 11:56:29 INFO: nxt.statementLogThreshold = "10000"
2021-01-12 11:56:29 INFO: nxt.transactionLogThreshold = "15000"
2021-01-12 11:56:29 INFO: nxt.transactionLogInterval = "15"
2021-01-12 11:56:29 INFO: nxt.dbCacheKB = "0"
2021-01-12 11:56:29 INFO: nxt.dbUrl not defined
2021-01-12 11:56:29 INFO: nxt.dbType = "h2"
2021-01-12 11:56:29 INFO: nxt.dbDir = "./nxt_db/nxt"
2021-01-12 11:56:29 INFO: nxt.dbParams = "DB_CLOSE_ON_EXIT=FALSE;MVCC=TRUE;MV_STORE=FALSE"
2021-01-12 11:56:29 INFO: nxt.dbUsername = "sa"
2021-01-12 11:56:29 INFO: nxt.dbPassword = "{not logged}"
2021-01-12 11:56:29 INFO: nxt.maxDbConnections = "30"
2021-01-12 11:56:29 INFO: nxt.dbLoginTimeout = "70"
2021-01-12 11:56:29 INFO: nxt.dbDefaultLockTimeout = "60"
2021-01-12 11:56:29 INFO: nxt.dbMaxMemoryRows = "1000000"
2021-01-12 11:56:29 FINE: Database jdbc url set to jdbc:h2:./nxt_db/nxt;DB_CLOSE_ON_EXIT=FALSE;MVCC=TRUE;MV_STORE=FALSE;CACHE_SIZE=262144 username sa
2021-01-12 11:56:29 INFO: nxt.launchDesktopApplication = "true"
2021-01-12 11:56:30 INFO: nxt.useStrongSecureRandom = "false"
2021-01-12 11:56:30 FINE: Database connection pool current size: 1
2021-01-12 11:56:30 INFO: Database update may take a while if needed, current db version 237...
2021-01-12 11:56:30 INFO: nxt.enableTransactionRebroadcasting = "true"
2021-01-12 11:56:30 INFO: nxt.testUnconfirmedTransactions not defined, using default false
2021-01-12 11:56:30 INFO: nxt.maxUnconfirmedTransactions = "2000"
2021-01-12 11:56:30 INFO: nxt.trimDerivedTables = "true"
2021-01-12 11:56:30 INFO: nxt.numberOfForkConfirmations = "0"
2021-01-12 11:56:30 INFO: nxt.simulateEndlessDownload not defined, using default false
2021-01-12 11:56:30 INFO: nxt.trimFrequency = "1000"
2021-01-12 11:56:30 INFO: nxt.disableGetMoreBlocksThread not defined, using default false
2021-01-12 11:56:30 INFO: nxt.disableProcessTransactionsThread not defined, using default false
2021-01-12 11:56:30 INFO: nxt.disableRebroadcastTransactionsThread not defined, using default false
2021-01-12 11:56:30 INFO: nxt.disableRemoveUnconfirmedTransactionsThread not defined, using default false
2021-01-12 11:56:30 INFO: nxt.disableProcessWaitingTransactionsThread not defined, using default false
2021-01-12 11:56:30 INFO: nxt.enablePublicKeyCache = "true"
2021-01-12 11:56:30 INFO: nxt.ledgerTrimKeep = "30000"
2021-01-12 11:56:30 INFO: nxt.ledgerAccounts = "*"
2021-01-12 11:56:30 INFO: Account ledger is tracking all accounts
2021-01-12 11:56:30 INFO: nxt.ledgerLogUnconfirmed = "2"
2021-01-12 11:56:30 INFO: nxt.processPolls = "true"
2021-01-12 11:56:30 INFO: nxt.deleteFinishedShufflings = "false"
2021-01-12 11:56:30 INFO: nxt.maxPeerRequestSize not defined or not numeric, using default value 1048576
2021-01-12 11:56:30 INFO: nxt.maxPeerResponseSize not defined or not numeric, using default value 1048576
2021-01-12 11:56:30 INFO: nxt.maxPeerMessageSize not defined or not numeric, using default value 10485760
2021-01-12 11:56:30 INFO: nxt.hideErrorDetails = "false"
2021-01-12 11:56:30 INFO: nxt.myPlatform not defined
2021-01-12 11:56:30 INFO: nxt.myAddress not defined
2021-01-12 11:56:30 INFO: nxt.peerServerPort = "7874"
2021-01-12 11:56:30 INFO: nxt.shareMyAddress = "true"
2021-01-12 11:56:30 INFO: nxt.enablePeerUPnP = "true"
2021-01-12 11:56:30 INFO: nxt.myHallmark not defined
2021-01-12 11:56:31 INFO: nxt.adminPassword not defined
2021-01-12 11:56:31 INFO: nxt.maxAPIRecords = "100"
2021-01-12 11:56:31 INFO: nxt.enableAPIUPnP = "false"
2021-01-12 11:56:31 INFO: nxt.apiServerIdleTimeout = "30000"
2021-01-12 11:56:31 INFO: nxt.apiServerCORS = "true"
2021-01-12 11:56:31 INFO: nxt.forwardedForHeader not defined
2021-01-12 11:56:31 INFO: nxt.disabledAPIs not defined
2021-01-12 11:56:31 INFO: nxt.disabledAPITags not defined
2021-01-12 11:56:31 INFO: nxt.allowedBotHosts = "127.0.0.1; localhost; [0:0:0:0:0:0:0:1];"
2021-01-12 11:56:31 INFO: nxt.enableAPIServer = "true"
2021-01-12 11:56:31 INFO: nxt.apiServerPort = "7876"
2021-01-12 11:56:31 INFO: nxt.apiServerSSLPort = "7876"
2021-01-12 11:56:31 INFO: nxt.apiServerHost = "127.0.0.1"
2021-01-12 11:56:31 INFO: nxt.disableAdminPassword = "false"
2021-01-12 11:56:31 INFO: nxt.apiSSL = "false"
2021-01-12 11:56:31 INFO: API server using HTTP port 7876
2021-01-12 11:56:31 INFO: nxt.apiResourceBase = "./html/www"
2021-01-12 11:56:31 INFO: nxt.apiWelcomeFile = "index.html"
2021-01-12 11:56:31 INFO: nxt.javadocResourceBase = "./html/doc"
2021-01-12 11:56:31 INFO: nxt.maxUploadFileSize not defined or not numeric, using default value 0
2021-01-12 11:56:31 INFO: nxt.maxUploadFileSize not defined or not numeric, using default value 0
2021-01-12 11:56:31 INFO: nxt.enableAPIServerGZIPFilter not defined, using default false
2021-01-12 11:56:31 INFO: nxt.apiFrameOptionsSameOrigin = "true"
2021-01-12 11:56:31 FINE: My peer info:
{"application":"EagleCoin","services":"0","version":"1.11.15","platform":"Mac OS X x86_64","shareAddress":true}
2021-01-12 11:56:31 INFO: nxt.defaultPeers not defined
2021-01-12 11:56:31 INFO: nxt.wellKnownPeers = "18.134.116.198; 35.178.29.235;"
2021-01-12 11:56:31 INFO: nxt.knownBlacklistedPeers not defined
2021-01-12 11:56:31 INFO: nxt.maxNumberOfInboundConnections = "2000"
2021-01-12 11:56:31 INFO: nxt.maxNumberOfOutboundConnections = "50"
2021-01-12 11:56:31 INFO: nxt.maxNumberOfConnectedPublicPeers = "20"
2021-01-12 11:56:31 INFO: nxt.maxNumberOfKnownPeers = "2000"
2021-01-12 11:56:31 INFO: nxt.minNumberOfKnownPeers = "1000"
2021-01-12 11:56:31 INFO: nxt.connectTimeout = "10000"
2021-01-12 11:56:31 INFO: nxt.readTimeout = "20000"
2021-01-12 11:56:31 INFO: nxt.enableHallmarkProtection = "true"
2021-01-12 11:56:31 INFO: nxt.pushThreshold = "0"
2021-01-12 11:56:31 INFO: nxt.pullThreshold = "0"
2021-01-12 11:56:31 INFO: nxt.useWebSockets = "true"
2021-01-12 11:56:31 INFO: nxt.webSocketIdleTimeout = "900000"
2021-01-12 11:56:31 INFO: nxt.enablePeerServerGZIPFilter = "true"
2021-01-12 11:56:31 INFO: nxt.blacklistingPeriod = "600000"
2021-01-12 11:56:31 INFO: nxt.communicationLoggingMask = "0"
2021-01-12 11:56:31 INFO: nxt.sendToPeersLimit = "10"
2021-01-12 11:56:31 INFO: nxt.usePeersDb = "true"
2021-01-12 11:56:31 INFO: nxt.savePeers = "true"
2021-01-12 11:56:31 INFO: nxt.getMorePeers = "true"
2021-01-12 11:56:31 INFO: nxt.cjdnsOnly = "false"
2021-01-12 11:56:31 INFO: nxt.ignorePeerAnnouncedAddress = "false"
2021-01-12 11:56:31 INFO: nxt.disablePeerConnectingThread not defined, using default false
2021-01-12 11:56:31 INFO: nxt.disablePeerUnBlacklistingThread not defined, using default false
2021-01-12 11:56:31 INFO: nxt.disableGetMorePeersThread not defined, using default false
2021-01-12 11:56:31 INFO: nxt.peerServerHost = "0.0.0.0"
2021-01-12 11:56:31 INFO: nxt.peerServerIdleTimeout = "30000"
2021-01-12 11:56:31 INFO: nxt.enablePeerServerDoSFilter = "true"
2021-01-12 11:56:31 INFO: nxt.peerServerDoSFilter.maxRequestsPerSec = "30"
2021-01-12 11:56:31 INFO: nxt.peerServerDoSFilter.delayMs = "1000"
2021-01-12 11:56:31 INFO: nxt.peerServerDoSFilter.maxRequestMs = "300000"
2021-01-12 11:56:31 INFO: nxt.enableAPIProxy = "true"
2021-01-12 11:56:31 INFO: nxt.apiProxyBlacklistingPeriod = "1800000"
2021-01-12 11:56:31 INFO: nxt.forceAPIProxyServerURL not defined
2021-01-12 11:56:31 INFO: nxt.disableAPIProxyPeersUpdateThread not defined, using default false
2021-01-12 11:56:31 INFO: nxt.maxNumberOfForgers = "100"
2021-01-12 11:56:31 INFO: nxt.enableFakeForging not defined, using default false
2021-01-12 11:56:31 INFO: nxt.disableGenerateBlocksThread not defined, using default false
2021-01-12 11:56:31 INFO: nxt.addOns not defined
2021-01-12 11:56:31 INFO: nxt.debugTraceQuote = """
2021-01-12 11:56:31 INFO: nxt.debugTraceSeparator = "	"
2021-01-12 11:56:31 INFO: nxt.debugLogUnconfirmed = "false"
2021-01-12 11:56:31 INFO: nxt.debugTraceAccounts not defined
2021-01-12 11:56:31 INFO: nxt.debugTraceLog = "nxt-trace.csv"
2021-01-12 11:56:31 FINE: Running 2 tasks...
2021-01-12 11:56:31 FINE: Loading known peers from the database...
2021-01-12 11:56:31 INFO: Genesis block already in database
2021-01-12 11:56:31 FINE: Database connection pool current size: 2
2021-01-12 11:56:31 FINE: Rollback from block 13831871070302677265 at height 0 to 13831871070302677265 at 0
2021-01-12 11:56:31 FINE: Average database transaction time is 0.131 seconds
2021-01-12 11:56:31 INFO: Last block height: 0
2021-01-12 11:56:31 INFO: nxt.forceScan = "false"
2021-01-12 11:56:31 FINE: Running 2 final tasks...
2021-01-12 11:56:31 INFO: Looking for UPnP gateway device...
2021-01-12 11:56:31 INFO: nxt.apiServerEnforcePOST = "true"
2021-01-12 11:56:31 INFO: nxt.apiFixResponseContentType = "false"
2021-01-12 11:56:31 INFO: nxt.upnpGatewayTimeout not defined or not numeric, using default value 7000
2021-01-12 11:56:31 INFO: nxt.upnpDiscoverTimeout not defined or not numeric, using default value 3000
2021-01-12 11:56:31 SEVERE: Failed to start API server
java.net.BindException: Address already in use
	at sun.nio.ch.Net.bind0(Native Method)
	at sun.nio.ch.Net.bind(Net.java:444)
	at sun.nio.ch.Net.bind(Net.java:436)
	at sun.nio.ch.ServerSocketChannelImpl.bind(ServerSocketChannelImpl.java:225)
	at sun.nio.ch.ServerSocketAdaptor.bind(ServerSocketAdaptor.java:74)
	at org.eclipse.jetty.server.ServerConnector.openAcceptChannel(ServerConnector.java:351)
	at org.eclipse.jetty.server.ServerConnector.open(ServerConnector.java:319)
	at org.eclipse.jetty.server.AbstractNetworkConnector.doStart(AbstractNetworkConnector.java:80)
	at org.eclipse.jetty.server.ServerConnector.doStart(ServerConnector.java:235)
	at org.eclipse.jetty.util.component.AbstractLifeCycle.start(AbstractLifeCycle.java:68)
	at org.eclipse.jetty.server.Server.doStart(Server.java:406)
	at org.eclipse.jetty.util.component.AbstractLifeCycle.start(AbstractLifeCycle.java:68)
	at nxt.http.API.lambda$static$1(API.java:293)
	at nxt.util.ThreadPool.lambda$runAll$1(ThreadPool.java:126)
	at java.lang.Thread.run(Thread.java:748)
2021-01-12 11:56:35 INFO: Shutting down...
2021-01-12 11:56:35 INFO: nxt.maxNumberOfMonitors = "100"
2021-01-12 11:56:35 INFO: shutting down networkService
2021-01-12 11:56:40 FINE: There are no UPnP gateway devices
2021-01-12 11:56:40 INFO: shutting down sendingService
2021-01-12 11:56:40 INFO: shutting down peersService
2021-01-12 11:56:40 INFO: Database shutdown completed
2021-01-12 11:56:40 INFO: EagleCoin server 1.11.15 stopped.
